<?xml version="1.0" encoding="UTF-8"?>
<!-- Generated by org.testng.reporters.JUnitXMLReporter -->
<testsuite ignored="0" hostname="richard.palomino" failures="0" tests="29" name="Surefire tests" time="0.086" errors="0" timestamp="2026-03-27T23:37:07 PET">
  <testcase classname="com.lab.app.UserServiceTest" name="edadInvalidaMayor65" time="0.012"/>
  <testcase classname="com.lab.app.UserServiceTest" name="edadInvalidaMenor18" time="0.001"/>
  <testcase classname="com.lab.app.UserServiceTest" name="edadValida" time="0.001"/>
  <testcase classname="com.lab.app.PedidoTest" name="debeAplicarDescuentoSiMontoMayor100" time="0.002"/>
  <testcase classname="com.lab.app.PedidoTest" name="debeAplicarDescuentoVIP" time="0.001"/>
  <testcase classname="com.lab.app.PedidoTest" name="noDebePermitirComprarConTotalCero" time="0.0"/>
  <testcase classname="com.lab.app.DiscountServiceTest" name="case1_noVip_noBigPurchase" time="0.0"/>
  <testcase classname="com.lab.app.DiscountServiceTest" name="case2_noVip_bigPurchase" time="0.0"/>
  <testcase classname="com.lab.app.DiscountServiceTest" name="case3_vip_noBigPurchase" time="0.0"/>
  <testcase classname="com.lab.app.DiscountServiceTest" name="case4_vip_bigPurchase" time="0.001"/>
  <testcase classname="com.lab.app.PaymentServiceTest" name="case1" time="0.001"/>
  <testcase classname="com.lab.app.PaymentServiceTest" name="case2" time="0.0"/>
  <testcase classname="com.lab.app.PaymentServiceTest" name="case3" time="0.0"/>
  <testcase classname="com.lab.app.PaymentServiceTest" name="case4" time="0.0"/>
  <testcase classname="com.lab.app.PaymentServiceTest" name="case5" time="0.0"/>
  <testcase classname="com.lab.app.PaymentServiceTest" name="case6" time="0.0"/>
  <testcase classname="com.lab.app.PaymentServiceTest" name="case7" time="0.0"/>
  <testcase classname="com.lab.app.PaymentServiceTest" name="case8_validPurchase" time="0.001"/>
  <testcase classname="com.lab.app.PaymentServiceTest" name="shouldNotProcess1001Amount" time="0.0"/>
  <testcase classname="com.lab.app.PaymentServiceTest" name="shouldNotProcessNegativeAmount" time="0.0"/>
  <testcase classname="com.lab.app.PaymentServiceTest" name="shouldNotProcessZeroAmount" time="0.0"/>
  <testcase classname="com.lab.app.PaymentServiceTest" name="shouldProcessPositive1Amount" time="0.0"/>
  <testcase classname="com.lab.app.PaymentServiceTest" name="shouldProcessPositiveAmount" time="0.001"/>
  <testcase classname="com.lab.app.PaymentServiceTest" name="testCalcularPrecio" time="0.0"/>
  <testcase classname="com.lab.app.PaymentServiceTest" name="testCalcularPrecioCero" time="0.0"/>
  <testcase classname="com.lab.app.LoginServiceTest" name="blockedLoginServiceShouldNotChange" time="0.001"/>
  <testcase classname="com.lab.app.LoginServiceTest" name="shouldBlockAfterThreeFailures" time="0.0"/>
  <testcase classname="com.lab.app.LoginServiceTest" name="shouldIncreaseAttempts" time="0.0"/>
  <testcase classname="com.lab.app.LoginServiceTest" name="shouldResetAttemptsOnSuccess" time="0.0"/>
</testsuite> <!-- Surefire tests -->
