<?xml version="1.0" encoding="UTF-8"?>
<testsuite xmlns:xsi="http://www.w3.org/2001/XMLSchema-instance" xsi:noNamespaceSchemaLocation="https://maven.apache.org/surefire/maven-surefire-plugin/xsd/surefire-test-report-3.0.xsd" version="3.0" name="TestSuite" time="0.604" tests="29" errors="0" skipped="0" failures="0">
  <properties>
[...]
</properties>
  <testcase name="edadInvalidaMayor65" classname="com.lab.app.UserServiceTest" time="0.012">
    <system-err><![CDATA[SLF4J: Failed to load class "org.slf4j.impl.StaticLoggerBinder".
SLF4J: Defaulting to no-operation (NOP) logger implementation
SLF4J: See http://www.slf4j.org/codes.html#StaticLoggerBinder for further details.
]]></system-err>
  </testcase>
  <testcase name="edadInvalidaMenor18" classname="com.lab.app.UserServiceTest" time="0.0"/>
  <testcase name="edadValida" classname="com.lab.app.UserServiceTest" time="0.0"/>
  <testcase name="debeAplicarDescuentoSiMontoMayor100" classname="com.lab.app.PedidoTest" time="0.002"/>
  <testcase name="debeAplicarDescuentoVIP" classname="com.lab.app.PedidoTest" time="0.0"/>
  <testcase name="noDebePermitirComprarConTotalCero" classname="com.lab.app.PedidoTest" time="0.0"/>
  <testcase name="case1_noVip_noBigPurchase" classname="com.lab.app.DiscountServiceTest" time="0.0"/>
  <testcase name="case2_noVip_bigPurchase" classname="com.lab.app.DiscountServiceTest" time="0.0"/>
  <testcase name="case3_vip_noBigPurchase" classname="com.lab.app.DiscountServiceTest" time="0.0"/>
  <testcase name="case4_vip_bigPurchase" classname="com.lab.app.DiscountServiceTest" time="0.0"/>
  <testcase name="case1" classname="com.lab.app.PaymentServiceTest" time="0.0"/>
  <testcase name="case2" classname="com.lab.app.PaymentServiceTest" time="0.0"/>
  <testcase name="case3" classname="com.lab.app.PaymentServiceTest" time="0.0"/>
  <testcase name="case4" classname="com.lab.app.PaymentServiceTest" time="0.001"/>
  <testcase name="case5" classname="com.lab.app.PaymentServiceTest" time="0.0"/>
  <testcase name="case6" classname="com.lab.app.PaymentServiceTest" time="0.0"/>
  <testcase name="case7" classname="com.lab.app.PaymentServiceTest" time="0.0"/>
  <testcase name="case8_validPurchase" classname="com.lab.app.PaymentServiceTest" time="0.0"/>
  <testcase name="shouldNotProcess1001Amount" classname="com.lab.app.PaymentServiceTest" time="0.0"/>
  <testcase name="shouldNotProcessNegativeAmount" classname="com.lab.app.PaymentServiceTest" time="0.0"/>
  <testcase name="shouldNotProcessZeroAmount" classname="com.lab.app.PaymentServiceTest" time="0.001"/>
  <testcase name="shouldProcessPositive1Amount" classname="com.lab.app.PaymentServiceTest" time="0.0"/>
  <testcase name="shouldProcessPositiveAmount" classname="com.lab.app.PaymentServiceTest" time="0.0"/>
  <testcase name="testCalcularPrecio" classname="com.lab.app.PaymentServiceTest" time="0.0"/>
  <testcase name="testCalcularPrecioCero" classname="com.lab.app.PaymentServiceTest" time="0.0"/>
  <testcase name="blockedLoginServiceShouldNotChange" classname="com.lab.app.LoginServiceTest" time="0.002"/>
  <testcase name="shouldBlockAfterThreeFailures" classname="com.lab.app.LoginServiceTest" time="0.0"/>
  <testcase name="shouldIncreaseAttempts" classname="com.lab.app.LoginServiceTest" time="0.001"/>
  <testcase name="shouldResetAttemptsOnSuccess" classname="com.lab.app.LoginServiceTest" time="0.0"/>
</testsuite>