<?xml version="1.0" encoding="UTF-8"?>
<!-- Generated by org.testng.reporters.JUnitReportReporter -->
<testsuite hostname="richard.palomino" failures="0" tests="3" name="com.lab.app.PedidoTest" time="0.003" errors="0" timestamp="2026-03-27T23:37:07 PET" skipped="0">
  <testcase classname="com.lab.app.PedidoTest" name="noDebePermitirComprarConTotalCero" time="0.000"/>
  <testcase classname="com.lab.app.PedidoTest" name="debeAplicarDescuentoVIP" time="0.001"/>
  <testcase classname="com.lab.app.PedidoTest" name="debeAplicarDescuentoSiMontoMayor100" time="0.002"/>
</testsuite> <!-- com.lab.app.PedidoTest -->
