<?xml version="1.0" encoding="UTF-8"?>
<!-- Generated by org.testng.reporters.JUnitReportReporter -->
<testsuite hostname="richard.palomino" failures="0" tests="4" name="com.lab.app.DiscountServiceTest" time="0.001" errors="0" timestamp="2026-03-27T23:37:07 PET" skipped="0">
  <testcase classname="com.lab.app.DiscountServiceTest" name="case1_noVip_noBigPurchase" time="0.000"/>
  <testcase classname="com.lab.app.DiscountServiceTest" name="case2_noVip_bigPurchase" time="0.000"/>
  <testcase classname="com.lab.app.DiscountServiceTest" name="case4_vip_bigPurchase" time="0.001"/>
  <testcase classname="com.lab.app.DiscountServiceTest" name="case3_vip_noBigPurchase" time="0.000"/>
</testsuite> <!-- com.lab.app.DiscountServiceTest -->
