<?xml version="1.0" encoding="UTF-8"?>
<!-- Generated by org.testng.reporters.JUnitReportReporter -->
<testsuite hostname="richard.palomino" failures="0" tests="4" name="com.lab.app.LoginServiceTest" time="0.001" errors="0" timestamp="2026-03-27T23:37:07 PET" skipped="0">
  <testcase classname="com.lab.app.LoginServiceTest" name="blockedLoginServiceShouldNotChange" time="0.001"/>
  <testcase classname="com.lab.app.LoginServiceTest" name="shouldBlockAfterThreeFailures" time="0.000"/>
  <testcase classname="com.lab.app.LoginServiceTest" name="shouldResetAttemptsOnSuccess" time="0.000"/>
  <testcase classname="com.lab.app.LoginServiceTest" name="shouldIncreaseAttempts" time="0.000"/>
</testsuite> <!-- com.lab.app.LoginServiceTest -->
