<?xml version="1.0" encoding="UTF-8"?>
<!-- Generated by org.testng.reporters.JUnitReportReporter -->
<testsuite hostname="richard.palomino" failures="0" tests="3" name="com.lab.app.UserServiceTest" time="0.014" errors="0" timestamp="2026-03-27T23:37:07 PET" skipped="0">
  <testcase classname="com.lab.app.UserServiceTest" name="edadValida" time="0.001"/>
  <testcase classname="com.lab.app.UserServiceTest" name="edadInvalidaMenor18" time="0.001"/>
  <testcase classname="com.lab.app.UserServiceTest" name="edadInvalidaMayor65" time="0.012"/>
</testsuite> <!-- com.lab.app.UserServiceTest -->
