<?xml version="1.0" encoding="UTF-8"?>
<!-- Generated by org.testng.reporters.JUnitReportReporter -->
<testsuite hostname="richard.palomino" failures="0" tests="15" name="com.lab.app.PaymentServiceTest" time="0.003" errors="0" timestamp="2026-03-27T23:37:07 PET" skipped="0">
  <testcase classname="com.lab.app.PaymentServiceTest" name="case2" time="0.000"/>
  <testcase classname="com.lab.app.PaymentServiceTest" name="shouldNotProcess1001Amount" time="0.000"/>
  <testcase classname="com.lab.app.PaymentServiceTest" name="case4" time="0.000"/>
  <testcase classname="com.lab.app.PaymentServiceTest" name="shouldProcessPositive1Amount" time="0.000"/>
  <testcase classname="com.lab.app.PaymentServiceTest" name="shouldNotProcessZeroAmount" time="0.000"/>
  <testcase classname="com.lab.app.PaymentServiceTest" name="case5" time="0.000"/>
  <testcase classname="com.lab.app.PaymentServiceTest" name="testCalcularPrecioCero" time="0.000"/>
  <testcase classname="com.lab.app.PaymentServiceTest" name="case3" time="0.000"/>
  <testcase classname="com.lab.app.PaymentServiceTest" name="case7" time="0.000"/>
  <testcase classname="com.lab.app.PaymentServiceTest" name="case1" time="0.001"/>
  <testcase classname="com.lab.app.PaymentServiceTest" name="shouldProcessPositiveAmount" time="0.001"/>
  <testcase classname="com.lab.app.PaymentServiceTest" name="testCalcularPrecio" time="0.000"/>
  <testcase classname="com.lab.app.PaymentServiceTest" name="case6" time="0.000"/>
  <testcase classname="com.lab.app.PaymentServiceTest" name="case8_validPurchase" time="0.001"/>
  <testcase classname="com.lab.app.PaymentServiceTest" name="shouldNotProcessNegativeAmount" time="0.000"/>
</testsuite> <!-- com.lab.app.PaymentServiceTest -->
